#-----------------------------------------------------------
# Vivado v2024.2 (64-bit)
# SW Build 5239630 on Fri Nov 08 22:35:27 MST 2024
# IP Build 5239520 on Sun Nov 10 16:12:51 MST 2024
# SharedData Build 5239561 on Fri Nov 08 14:39:27 MST 2024
# Start of session at: Mon Apr 14 10:26:33 2025
# Process ID         : 4672
# Current directory  : C:/Users/Asus/Desktop/Project/hw/uart/uart_project
# Command line       : vivado.exe -gui_launcher_event rodinguilauncherevent16800 C:\Users\Asus\Desktop\Project\hw\uart\uart_project\uart_project.xpr
# Log file           : C:/Users/Asus/Desktop/Project/hw/uart/uart_project/vivado.log
# Journal file       : C:/Users/Asus/Desktop/Project/hw/uart/uart_project\vivado.jou
# Running On         : DESKTOP-Q25IVM8
# Platform           : Windows Server 2016 or Windows 10
# Operating System   : 19045
# Processor Detail   : Intel(R) Core(TM) i7-6500U CPU @ 2.50GHz
# CPU Frequency      : 2592 MHz
# CPU Physical cores : 2
# CPU Logical cores  : 4
# Host memory        : 12778 MB
# Swap memory        : 1946 MB
# Total Virtual      : 14725 MB
# Available Virtual  : 9303 MB
#-----------------------------------------------------------
start_gui
open_project C:/Users/Asus/Desktop/Project/hw/uart/uart_project/uart_project.xpr
INFO: [Project 1-313] Project file moved from 'C:/Users/Asus/Desktop/uart/uart_project' since last save.
INFO: [filemgmt 56-3] Default IP Output Path : Could not find the directory 'C:/Users/Asus/Desktop/Project/hw/uart/uart_project/uart_project.gen/sources_1'.
Scanning sources...
Finished scanning sources
INFO: [Project 1-230] Project 'uart_project.xpr' upgraded for this version of Vivado.
INFO: [IP_Flow 19-234] Refreshing IP repositories
INFO: [IP_Flow 19-1704] No user IP repositories specified
INFO: [IP_Flow 19-2313] Loaded Vivado IP repository 'C:/Xilinx/Vivado/2024.2/data/ip'.
open_project: Time (s): cpu = 00:00:15 ; elapsed = 00:00:06 . Memory (MB): peak = 1164.398 ; gain = 65.242
set_property part xc7z020clg400-3 [current_project]
WARNING: [Ipconfig 75-871] Could not load NoC clock tree from device
WARNING: [Ipconfig 75-570] Unable to create NoC or AIE Models.
exit
INFO: [Common 17-206] Exiting Vivado at Mon Apr 14 10:39:20 2025...
