Copyright 1986-2022 Xilinx, Inc. All Rights Reserved. Copyright 2022-2024 Advanced Micro Devices, Inc. All Rights Reserved.
---------------------------------------------------------------------------------------------------------------------------------------------
| Tool Version : Vivado v.2024.2 (win64) Build 5239630 Fri Nov 08 22:35:27 MST 2024
| Date         : Mon May  5 16:27:33 2025
| Host         : DESKTOP-Q25IVM8 running 64-bit major release  (build 9200)
| Command      : report_control_sets -verbose -file uart_wrapper_control_sets_placed.rpt
| Design       : uart_wrapper
| Device       : xc7a100t
---------------------------------------------------------------------------------------------------------------------------------------------

Control Set Information

Table of Contents
-----------------
1. Summary
2. Histogram
3. Flip-Flop Distribution
4. Detailed Control Set Information

1. Summary
----------

+----------------------------------------------------------+-------+
|                          Status                          | Count |
+----------------------------------------------------------+-------+
| Total control sets                                       |    10 |
|    Minimum number of control sets                        |    10 |
|    Addition due to synthesis replication                 |     0 |
|    Addition due to physical synthesis replication        |     0 |
| Unused register locations in slices containing registers |    33 |
+----------------------------------------------------------+-------+
* Control sets can be merged at opt_design using control_set_merge or merge_equivalent_drivers
** Run report_qor_suggestions for automated merging and remapping suggestions


2. Histogram
------------

+--------------------+-------+
|       Fanout       | Count |
+--------------------+-------+
| Total control sets |    10 |
| >= 0 to < 4        |     1 |
| >= 4 to < 6        |     1 |
| >= 6 to < 8        |     5 |
| >= 8 to < 10       |     1 |
| >= 10 to < 12      |     1 |
| >= 12 to < 14      |     1 |
| >= 14 to < 16      |     0 |
| >= 16              |     0 |
+--------------------+-------+
* Control sets can be remapped at either synth_design or opt_design


3. Flip-Flop Distribution
-------------------------

+--------------+-----------------------+------------------------+-----------------+--------------+
| Clock Enable | Synchronous Set/Reset | Asynchronous Set/Reset | Total Registers | Total Slices |
+--------------+-----------------------+------------------------+-----------------+--------------+
| No           | No                    | No                     |               7 |            4 |
| No           | No                    | Yes                    |               0 |            0 |
| No           | Yes                   | No                     |              12 |            3 |
| Yes          | No                    | No                     |              10 |            5 |
| Yes          | No                    | Yes                    |               0 |            0 |
| Yes          | Yes                   | No                     |              42 |           15 |
+--------------+-----------------------+------------------------+-----------------+--------------+


4. Detailed Control Set Information
-----------------------------------

+----------------+--------------------------------------+--------------------------------------+------------------+----------------+--------------+
|  Clock Signal  |             Enable Signal            |           Set/Reset Signal           | Slice Load Count | Bel Load Count | Bels / Slice |
+----------------+--------------------------------------+--------------------------------------+------------------+----------------+--------------+
|  clk_IBUF_BUFG | uart_inst/tx_i_1_n_0                 |                                      |                1 |              1 |         1.00 |
|  clk_IBUF_BUFG | uart_inst/rx_bit_index               | uart_inst/rx_bit_index[3]_i_1_n_0    |                1 |              4 |         4.00 |
|  clk_IBUF_BUFG |                                      |                                      |                4 |              7 |         1.75 |
|  clk_IBUF_BUFG | uart_inst/rx_clk_counter[10]_i_1_n_0 | uart_inst/rx_clk_counter[15]_i_1_n_0 |                3 |              7 |         2.33 |
|  clk_IBUF_BUFG | uart_inst/rx_receiving12_out         | reset_IBUF                           |                2 |              7 |         3.50 |
|  clk_IBUF_BUFG | uart_inst/tx1                        | reset_IBUF                           |                3 |              7 |         2.33 |
|  clk_IBUF_BUFG | uart_inst/E[0]                       | reset_IBUF                           |                2 |              7 |         3.50 |
|  clk_IBUF_BUFG | uart_inst/rx_clk_counter[10]_i_1_n_0 |                                      |                4 |              9 |         2.25 |
|  clk_IBUF_BUFG | uart_inst/tx_sending                 | uart_inst/tx_clk_counter[9]_i_1_n_0  |                4 |             10 |         2.50 |
|  clk_IBUF_BUFG |                                      | reset_IBUF                           |                3 |             12 |         4.00 |
+----------------+--------------------------------------+--------------------------------------+------------------+----------------+--------------+


