#-----------------------------------------------------------
# Vivado v2024.2 (64-bit)
# SW Build 5239630 on Fri Nov 08 22:35:27 MST 2024
# IP Build 5239520 on Sun Nov 10 16:12:51 MST 2024
# SharedData Build 5239561 on Fri Nov 08 14:39:27 MST 2024
# Start of session at: Mon Apr 14 10:22:49 2025
# Process ID         : 18212
# Current directory  : C:/Users/Asus/Desktop/Project/hw/uart/uart_project
# Command line       : vivado.exe -gui_launcher_event rodinguilauncherevent15716 C:\Users\Asus\Desktop\Project\hw\uart\uart_project\uart_project.xpr
# Log file           : C:/Users/Asus/Desktop/Project/hw/uart/uart_project/vivado.log
# Journal file       : C:/Users/Asus/Desktop/Project/hw/uart/uart_project\vivado.jou
# Running On         : DESKTOP-Q25IVM8
# Platform           : Windows Server 2016 or Windows 10
# Operating System   : 19045
# Processor Detail   : Intel(R) Core(TM) i7-6500U CPU @ 2.50GHz
# CPU Frequency      : 2592 MHz
# CPU Physical cores : 2
# CPU Logical cores  : 4
# Host memory        : 12778 MB
# Swap memory        : 1946 MB
# Total Virtual      : 14725 MB
# Available Virtual  : 8732 MB
#-----------------------------------------------------------
start_guopen_project -read_only C:/Users/Asus/Desktop/Project/hw/uart/uart_project/uart_project.xpr
INFO: [Project 1-313] Project file moved from 'C:/Users/Asus/Desktop/uart/uart_project' since last save.
INFO: [filemgmt 56-3] Default IP Output Path : Could not find the directory 'C:/Users/Asus/Desktop/Project/hw/uart/uart_project/uart_project.gen/sources_1'.
Scanning sources...
Finished scanning sources
WARNING: [Project 1-229] Project 'uart_project.xpr' is read-only and therefore could not be upgraded for this version of Vivado.  Use 'File | Save Project As...' if you wish to save an upgraded copy.
INFO: [IP_Flow 19-234] Refreshing IP repositories
INFO: [IP_Flow 19-1704] No user IP repositories specified
INFO: [IP_Flow 19-2313] Loaded Vivado IP repository 'C:/Xilinx/Vivado/2024.2/data/ip'.
exit
INFO: [Common 17-206] Exiting Vivado at Mon Apr 14 10:26:26 2025...
