#-----------------------------------------------------------
# Vivado v2024.2 (64-bit)
# SW Build 5239630 on Fri Nov 08 22:35:27 MST 2024
# IP Build 5239520 on Sun Nov 10 16:12:51 MST 2024
# SharedData Build 5239561 on Fri Nov 08 14:39:27 MST 2024
# Start of session at: Mon Apr 14 17:14:53 2025
# Process ID         : 15468
# Current directory  : C:/Users/Asus/Desktop/Project/hw/uart
# Command line       : vivado.exe -gui_launcher_event rodinguilauncherevent11580 C:\Users\Asus\Desktop\Project\hw\uart\uart.xpr
# Log file           : C:/Users/Asus/Desktop/Project/hw/uart/vivado.log
# Journal file       : C:/Users/Asus/Desktop/Project/hw/uart\vivado.jou
# Running On         : DESKTOP-Q25IVM8
# Platform           : Windows Server 2016 or Windows 10
# Operating System   : 19045
# Processor Detail   : Intel(R) Core(TM) i7-6500U CPU @ 2.50GHz
# CPU Frequency      : 2592 MHz
# CPU Physical cores : 2
# CPU Logical cores  : 4
# Host memory        : 12778 MB
# Swap memory        : 1946 MB
# Total Virtual      : 14725 MB
# Available Virtual  : 6394 MB
#-----------------------------------------------------------
start_guioopen_project C:/Users/Asus/Desktop/Project/hw/uart/uart.xpr
INFO: [Project 1-313] Project file moved from 'C:/Users/Asus/Desktop/project_startracker-main/hw/uart01/uart' since last save.
INFO: [filemgmt 56-3] Default IP Output Path : Could not find the directory 'C:/Users/Asus/Desktop/Project/hw/uart/uart.gen/sources_1'.
Scanning sources...
Finished scanning sources
INFO: [IP_Flow 19-234] Refreshing IP repositories
INFO: [IP_Flow 19-1704] No user IP repositories specified
INFO: [IP_Flow 19-2313] Loaded Vivado IP repository 'C:/Xilinx/Vivado/2024.2/data/ip'.
open_project: Time (s): cpu = 00:00:19 ; elapsed = 00:00:09 . Memory (MB): peak = 1234.867 ; gain = 140.750
update_compile_order -fileset sources_exexit
INFO: [Common 17-206] Exiting Vivado at Mon Apr 14 17:16:04 2025...
